2019-11-24T22:02:00.647Z [info] S1N1/app1 [object Object]
2019-11-24T22:02:01.031Z [info] S1N1/app1 [object Object]
2019-11-24T22:02:01.651Z [info] S1N1/app1 791407048 791407048 FAILED
2019-11-24T22:02:01.651Z [info] S1N1/app1 791407048 791407048 FAILED
2019-11-24T22:02:02.031Z [info] S1N1/app1 791407048 791407048 FAILED
2019-11-24T22:03:49.318Z [info] S1N1/app1 [object Object]
2019-11-24T22:03:49.319Z [info] S1N1/app1 {"STATUSES":{"NEW":"NEW","READY":"READY","RINGING":"RINGING","CONNECTED":"CONNECTED","BRIDGED":"BRIDGED","ANSWERED":"ANSWERED","FAILED":"FAILED"}}
2019-11-24T22:03:50.324Z [info] S1N1/app1 791407048 791407048 RINGING
2019-11-24T22:03:54.503Z [info] S1N1/app1 791407048 791407048 READY
2019-11-24T22:04:02.715Z [info] S1N1/app1 791407048 791407048 ANSWERED
2019-11-24T22:04:02.715Z [info] S1N1/app1 791407048 791407048 ANSWERED
2019-11-24T22:04:07.513Z [info] S1N1/app1 791407048 791407048 ANSWERED
2019-11-24T22:04:09.229Z [info] S1N1/app1 791407048 791407048 ANSWERED
2019-11-24T22:04:12.788Z [info] S1N1/app1 791407048 791407048 ANSWERED
2019-11-24T22:04:13.622Z [info] S1N1/app1 791407048 791407048 ANSWERED
2019-11-24T22:31:53.304Z [info] S1N1/app {"STATUSES":{"NEW":"NEW","READY":"READY","RINGING":"RINGING","CONNECTED":"CONNECTED","BRIDGED":"BRIDGED","ANSWERED":"ANSWERED","FAILED":"FAILED"}}
2019-11-24T22:31:54.310Z [info] S1N1/app 791407048 791407048 RINGING
2019-11-24T22:31:55.427Z [info] S1N1/app 791407048 791407048 RINGING
2019-11-24T22:31:57.488Z [info] S1N1/app 791407048 791407048 RINGING
2019-11-24T22:31:58.441Z [info] S1N1/app 791407048 791407048 RINGING
2019-11-24T22:32:02.158Z [info] S1N1/app 791407048 791407048 ANSWERED
2019-11-24T22:32:02.158Z [info] S1N1/app 791407048 791407048 ANSWERED
2019-11-24T22:32:02.368Z [info] S1N1/app 791407048 791407048 ANSWERED
2019-11-24T22:32:02.368Z [info] S1N1/app 791407048 791407048 ANSWERED
2019-11-24T22:32:02.473Z [info] S1N1/app 791407048 791407048 ANSWERED
2019-11-24T22:32:02.473Z [info] S1N1/app 791407048 791407048 ANSWERED
2019-11-24T22:32:03.443Z [info] S1N1/app 791407048 791407048 ANSWERED
2019-11-24T22:32:03.443Z [info] S1N1/app 791407048 791407048 ANSWERED
